<?xml version="1.0" encoding="UTF-8"?>
<!-- Generated by org.testng.reporters.JUnitReportReporter -->
<testsuite skipped="0" hostname="LAPTOP-C2JGBICR" name="practiceMavenProject.Sample.Annotations" tests="2" failures="0" timestamp="18 Jan 2019 19:37:08 GMT" time="0.005" errors="0">
  <testcase name="cancelTicket" time="0.001" classname="practiceMavenProject.Sample.Annotations"/>
  <testcase name="bookTicket" time="0.004" classname="practiceMavenProject.Sample.Annotations"/>
</testsuite> <!-- practiceMavenProject.Sample.Annotations -->
