<?xml version="1.0" encoding="UTF-8"?>
<!-- Generated by org.testng.reporters.JUnitReportReporter -->
<testsuite skipped="0" hostname="LAPTOP-C2JGBICR" name="practiceMavenProject.Sample.DataProviders" tests="1" failures="0" timestamp="18 Jan 2019 20:08:22 GMT" time="7.670" errors="0">
  <testcase name="login" time="7.670" classname="practiceMavenProject.Sample.DataProviders"/>
</testsuite> <!-- practiceMavenProject.Sample.DataProviders -->
